<?xml version="1.0" encoding="UTF-8"?>
<!-- Generated by org.testng.reporters.JUnitXMLReporter -->
<testsuite ignored="0" hostname="DESKTOP-O3DMT29" failures="0" tests="4" name="Chrome Tests" time="102.861" errors="0" timestamp="2022-08-25T20:35:54 EDT">
  <testcase classname="selenium_project.tests.PopularTest" name="addToCartFromMore" time="19.865"/>
  <testcase classname="selenium_project.tests.PopularTest" name="addToCartFromPopularPage" time="7.446"/>
  <testcase classname="selenium_project.tests.PopularTest" name="addToCartFromProductPage" time="3.952"/>
  <testcase classname="selenium_project.tests.PopularTest" name="selectPopular" time="0.567"/>
</testsuite> <!-- Chrome Tests -->
