<?xml version="1.0" encoding="UTF-8"?>
<!-- Generated by org.testng.reporters.JUnitXMLReporter -->
<testsuite ignored="0" hostname="DESKTOP-O3DMT29" failures="0" tests="4" name="Chrome Tests" time="83.554" errors="0" timestamp="2022-08-25T20:57:42 EDT">
  <testcase classname="selenium_project.tests.PopularTest" name="addToCartFromMore" time="9.933"/>
  <testcase classname="selenium_project.tests.PopularTest" name="addToCartFromPopularPage" time="4.48"/>
  <testcase classname="selenium_project.tests.PopularTest" name="addToCartFromProductPage" time="3.963"/>
  <testcase classname="selenium_project.tests.PopularTest" name="selectPopular" time="1.026"/>
</testsuite> <!-- Chrome Tests -->
