<?xml version="1.0" encoding="UTF-8"?>
<testng-results ignored="0" total="4" passed="4" failed="0" skipped="0">
  <reporter-output>
  </reporter-output>
  <suite started-at="2022-08-25T20:56:18 EDT" name="SeleniumProject" finished-at="2022-08-25T20:57:42 EDT" duration-ms="83554">
    <groups>
    </groups>
    <test started-at="2022-08-25T20:56:18 EDT" name="Chrome Tests" finished-at="2022-08-25T20:57:42 EDT" duration-ms="83554">
      <class name="selenium_project.tests.PopularTest">
        <test-method is-config="true" signature="beforeSuite()[pri:0, instance:selenium_project.tests.PopularTest@25084a1e]" started-at="2022-08-25T20:56:17 EDT" name="beforeSuite" finished-at="2022-08-25T20:56:18 EDT" duration-ms="813" status="PASS">
          <reporter-output>
          </reporter-output>
        </test-method> <!-- beforeSuite -->
        <test-method is-config="true" signature="beforeMethod(java.lang.String)[pri:0, instance:selenium_project.tests.PopularTest@25084a1e]" started-at="2022-08-25T20:56:18 EDT" name="beforeMethod" finished-at="2022-08-25T20:56:39 EDT" duration-ms="20309" status="PASS">
          <params>
            <param index="0">
              <value>
                <![CDATA[chrome]]>
              </value>
            </param>
          </params>
          <reporter-output>
          </reporter-output>
        </test-method> <!-- beforeMethod -->
        <test-method signature="addToCartFromMore()[pri:0, instance:selenium_project.tests.PopularTest@25084a1e]" started-at="2022-08-25T20:56:39 EDT" name="addToCartFromMore" finished-at="2022-08-25T20:56:48 EDT" duration-ms="9933" status="PASS">
          <reporter-output>
          </reporter-output>
        </test-method> <!-- addToCartFromMore -->
        <test-method is-config="true" signature="afterMethod()[pri:0, instance:selenium_project.tests.PopularTest@25084a1e]" started-at="2022-08-25T20:56:48 EDT" name="afterMethod" finished-at="2022-08-25T20:56:50 EDT" duration-ms="2014" status="PASS">
          <reporter-output>
          </reporter-output>
        </test-method> <!-- afterMethod -->
        <test-method is-config="true" signature="beforeMethod(java.lang.String)[pri:0, instance:selenium_project.tests.PopularTest@25084a1e]" started-at="2022-08-25T20:56:50 EDT" name="beforeMethod" finished-at="2022-08-25T20:57:00 EDT" duration-ms="9889" status="PASS">
          <params>
            <param index="0">
              <value>
                <![CDATA[chrome]]>
              </value>
            </param>
          </params>
          <reporter-output>
          </reporter-output>
        </test-method> <!-- beforeMethod -->
        <test-method signature="addToCartFromPopularPage()[pri:0, instance:selenium_project.tests.PopularTest@25084a1e]" started-at="2022-08-25T20:57:00 EDT" name="addToCartFromPopularPage" finished-at="2022-08-25T20:57:05 EDT" duration-ms="4480" status="PASS">
          <reporter-output>
          </reporter-output>
        </test-method> <!-- addToCartFromPopularPage -->
        <test-method is-config="true" signature="afterMethod()[pri:0, instance:selenium_project.tests.PopularTest@25084a1e]" started-at="2022-08-25T20:57:05 EDT" name="afterMethod" finished-at="2022-08-25T20:57:07 EDT" duration-ms="2011" status="PASS">
          <reporter-output>
          </reporter-output>
        </test-method> <!-- afterMethod -->
        <test-method is-config="true" signature="beforeMethod(java.lang.String)[pri:0, instance:selenium_project.tests.PopularTest@25084a1e]" started-at="2022-08-25T20:57:07 EDT" name="beforeMethod" finished-at="2022-08-25T20:57:19 EDT" duration-ms="11754" status="PASS">
          <params>
            <param index="0">
              <value>
                <![CDATA[chrome]]>
              </value>
            </param>
          </params>
          <reporter-output>
          </reporter-output>
        </test-method> <!-- beforeMethod -->
        <test-method signature="addToCartFromProductPage()[pri:0, instance:selenium_project.tests.PopularTest@25084a1e]" started-at="2022-08-25T20:57:19 EDT" name="addToCartFromProductPage" finished-at="2022-08-25T20:57:23 EDT" duration-ms="3963" status="PASS">
          <reporter-output>
          </reporter-output>
        </test-method> <!-- addToCartFromProductPage -->
        <test-method is-config="true" signature="afterMethod()[pri:0, instance:selenium_project.tests.PopularTest@25084a1e]" started-at="2022-08-25T20:57:23 EDT" name="afterMethod" finished-at="2022-08-25T20:57:25 EDT" duration-ms="2016" status="PASS">
          <reporter-output>
          </reporter-output>
        </test-method> <!-- afterMethod -->
        <test-method is-config="true" signature="beforeMethod(java.lang.String)[pri:0, instance:selenium_project.tests.PopularTest@25084a1e]" started-at="2022-08-25T20:57:25 EDT" name="beforeMethod" finished-at="2022-08-25T20:57:39 EDT" duration-ms="14107" status="PASS">
          <params>
            <param index="0">
              <value>
                <![CDATA[chrome]]>
              </value>
            </param>
          </params>
          <reporter-output>
          </reporter-output>
        </test-method> <!-- beforeMethod -->
        <test-method signature="selectPopular()[pri:0, instance:selenium_project.tests.PopularTest@25084a1e]" started-at="2022-08-25T20:57:39 EDT" name="selectPopular" finished-at="2022-08-25T20:57:40 EDT" duration-ms="1026" status="PASS">
          <reporter-output>
          </reporter-output>
        </test-method> <!-- selectPopular -->
        <test-method is-config="true" signature="afterMethod()[pri:0, instance:selenium_project.tests.PopularTest@25084a1e]" started-at="2022-08-25T20:57:40 EDT" name="afterMethod" finished-at="2022-08-25T20:57:42 EDT" duration-ms="2006" status="PASS">
          <reporter-output>
          </reporter-output>
        </test-method> <!-- afterMethod -->
      </class> <!-- selenium_project.tests.PopularTest -->
    </test> <!-- Chrome Tests -->
  </suite> <!-- SeleniumProject -->
</testng-results>
